[2019-05-22 16:03:17.816] [INFO] pomelo - [32m[D:\Work\Coding\XMWorkPomelo\game-server\node_modules\pomelo\lib\application.js] [39mapplication inited: "connector-server-1"
[2019-05-22 16:03:18.088] [INFO] pomelo - [32m[D:\Work\Coding\XMWorkPomelo\game-server\node_modules\pomelo\lib\application.js] [39m"connector-server-1" enter after start...
[2019-05-22 16:03:18.166] [INFO] pomelo - [32m[D:\Work\Coding\XMWorkPomelo\game-server\node_modules\pomelo\lib\application.js] [39m"connector-server-1" finish start
[2019-05-22 16:03:18.166] [INFO] pomelo - [32m[D:\Work\Coding\XMWorkPomelo\game-server\node_modules\pomelo\lib\application.js] [39m"connector-server-1" startup in 341 ms
[2019-05-22 16:08:58.130] [INFO] pomelo - [32m[D:\Work\Coding\XMWorkPomelo\game-server\node_modules\pomelo\lib\application.js] [39mapplication inited: "connector-server-1"
[2019-05-22 16:08:58.393] [INFO] pomelo - [32m[D:\Work\Coding\XMWorkPomelo\game-server\node_modules\pomelo\lib\application.js] [39m"connector-server-1" enter after start...
[2019-05-22 16:08:58.468] [INFO] pomelo - [32m[D:\Work\Coding\XMWorkPomelo\game-server\node_modules\pomelo\lib\application.js] [39m"connector-server-1" finish start
[2019-05-22 16:08:58.468] [INFO] pomelo - [32m[D:\Work\Coding\XMWorkPomelo\game-server\node_modules\pomelo\lib\application.js] [39m"connector-server-1" startup in 329 ms
[2019-05-22 16:12:28.858] [INFO] pomelo - [32m[D:\Work\Coding\XMWorkPomelo\game-server\node_modules\pomelo\lib\application.js] [39mapplication inited: "connector-server-1"
[2019-05-22 16:12:29.122] [INFO] pomelo - [32m[D:\Work\Coding\XMWorkPomelo\game-server\node_modules\pomelo\lib\application.js] [39m"connector-server-1" enter after start...
[2019-05-22 16:12:29.196] [INFO] pomelo - [32m[D:\Work\Coding\XMWorkPomelo\game-server\node_modules\pomelo\lib\application.js] [39m"connector-server-1" finish start
[2019-05-22 16:12:29.196] [INFO] pomelo - [32m[D:\Work\Coding\XMWorkPomelo\game-server\node_modules\pomelo\lib\application.js] [39m"connector-server-1" startup in 329 ms
[2019-05-22 16:14:32.373] [INFO] pomelo - [32m[D:\Work\Coding\XMWorkPomelo\game-server\node_modules\pomelo\lib\application.js] [39mapplication inited: "connector-server-1"
[2019-05-22 16:14:32.637] [INFO] pomelo - [32m[D:\Work\Coding\XMWorkPomelo\game-server\node_modules\pomelo\lib\application.js] [39m"connector-server-1" enter after start...
[2019-05-22 16:14:32.712] [INFO] pomelo - [32m[D:\Work\Coding\XMWorkPomelo\game-server\node_modules\pomelo\lib\application.js] [39m"connector-server-1" finish start
[2019-05-22 16:14:32.712] [INFO] pomelo - [32m[D:\Work\Coding\XMWorkPomelo\game-server\node_modules\pomelo\lib\application.js] [39m"connector-server-1" startup in 330 ms
[2019-05-22 16:16:51.112] [INFO] pomelo - [32m[D:\Work\Coding\XMWorkPomelo\game-server\node_modules\pomelo\lib\application.js] [39mapplication inited: "connector-server-1"
[2019-05-22 16:16:51.375] [INFO] pomelo - [32m[D:\Work\Coding\XMWorkPomelo\game-server\node_modules\pomelo\lib\application.js] [39m"connector-server-1" enter after start...
[2019-05-22 16:16:51.450] [INFO] pomelo - [32m[D:\Work\Coding\XMWorkPomelo\game-server\node_modules\pomelo\lib\application.js] [39m"connector-server-1" finish start
[2019-05-22 16:16:51.450] [INFO] pomelo - [32m[D:\Work\Coding\XMWorkPomelo\game-server\node_modules\pomelo\lib\application.js] [39m"connector-server-1" startup in 330 ms
[2019-05-22 16:18:52.867] [INFO] pomelo - [32m[D:\Work\Coding\XMWorkPomelo\game-server\node_modules\pomelo\lib\application.js] [39mapplication inited: "connector-server-1"
[2019-05-22 16:18:53.132] [INFO] pomelo - [32m[D:\Work\Coding\XMWorkPomelo\game-server\node_modules\pomelo\lib\application.js] [39m"connector-server-1" enter after start...
[2019-05-22 16:18:53.208] [INFO] pomelo - [32m[D:\Work\Coding\XMWorkPomelo\game-server\node_modules\pomelo\lib\application.js] [39m"connector-server-1" finish start
[2019-05-22 16:18:53.208] [INFO] pomelo - [32m[D:\Work\Coding\XMWorkPomelo\game-server\node_modules\pomelo\lib\application.js] [39m"connector-server-1" startup in 332 ms
[2019-05-22 16:20:36.977] [DEBUG] pomelo - [36m[D:\Work\Coding\XMWorkPomelo\game-server\node_modules\pomelo\lib\components\connector.js] [39m[connector-server-1] getSession session is created with session id: 1
[2019-05-22 16:20:36.991] [DEBUG] pomelo - [36m[D:\Work\Coding\XMWorkPomelo\game-server\node_modules\pomelo\lib\components\connector.js] [39m[connector-server-1] handleMessage session id: 1, msg: {"id":2,"route":"connector.entryHandler.entry","body":"hello pomelo"}
[2019-05-22 16:20:36.993] [DEBUG] pomelo - [36m[D:\Work\Coding\XMWorkPomelo\game-server\node_modules\pomelo\lib\components\connector.js] [39m[connector-server-1] send message reqId: 2, route: connector.entryHandler.entry, msg: {"code":200,"msg":"game server is ok."}, receivers: [1], opts: {"type":"response","userOptions":{},"isResponse":true}
[2019-05-22 16:20:39.782] [DEBUG] pomelo - [36m[D:\Work\Coding\XMWorkPomelo\game-server\node_modules\pomelo\lib\components\connector.js] [39m[connector-server-1] getSession session is created with session id: 2
[2019-05-22 16:20:39.790] [DEBUG] pomelo - [36m[D:\Work\Coding\XMWorkPomelo\game-server\node_modules\pomelo\lib\components\connector.js] [39m[connector-server-1] handleMessage session id: 2, msg: {"id":3,"route":"connector.entryHandler.entry","body":"hello pomelo"}
[2019-05-22 16:20:39.790] [DEBUG] pomelo - [36m[D:\Work\Coding\XMWorkPomelo\game-server\node_modules\pomelo\lib\components\connector.js] [39m[connector-server-1] send message reqId: 3, route: connector.entryHandler.entry, msg: {"code":200,"msg":"game server is ok."}, receivers: [2], opts: {"type":"response","userOptions":{},"isResponse":true}
[2019-05-22 16:20:43.243] [DEBUG] pomelo - [36m[D:\Work\Coding\XMWorkPomelo\game-server\node_modules\pomelo\lib\common\service\sessionService.js] [39msession on [connector-server-1] is closed with session id: 1
[2019-05-22 16:20:43.245] [DEBUG] pomelo - [36m[D:\Work\Coding\XMWorkPomelo\game-server\node_modules\pomelo\lib\common\service\sessionService.js] [39msession on [connector-server-1] is closed with session id: 2
[2019-05-22 16:21:49.968] [DEBUG] pomelo - [36m[D:\Work\Coding\XMWorkPomelo\game-server\node_modules\pomelo\lib\components\connector.js] [39m[connector-server-1] getSession session is created with session id: 3
[2019-05-22 16:21:49.978] [DEBUG] pomelo - [36m[D:\Work\Coding\XMWorkPomelo\game-server\node_modules\pomelo\lib\components\connector.js] [39m[connector-server-1] handleMessage session id: 3, msg: {"id":2,"route":"connector.entryHandler.entry","body":"hello pomelo"}
[2019-05-22 16:21:49.979] [DEBUG] pomelo - [36m[D:\Work\Coding\XMWorkPomelo\game-server\node_modules\pomelo\lib\components\connector.js] [39m[connector-server-1] send message reqId: 2, route: connector.entryHandler.entry, msg: {"code":200,"msg":"game server is ok."}, receivers: [3], opts: {"type":"response","userOptions":{},"isResponse":true}
[2019-05-22 16:29:01.832] [DEBUG] pomelo - [36m[D:\Work\Coding\XMWorkPomelo\game-server\node_modules\pomelo\lib\components\connector.js] [39m[connector-server-1] getSession session is created with session id: 4
[2019-05-22 16:29:01.843] [DEBUG] pomelo - [36m[D:\Work\Coding\XMWorkPomelo\game-server\node_modules\pomelo\lib\components\connector.js] [39m[connector-server-1] handleMessage session id: 4, msg: {"id":3,"route":"connector.entryHandler.entry","body":"hello pomelo"}
[2019-05-22 16:29:01.843] [DEBUG] pomelo - [36m[D:\Work\Coding\XMWorkPomelo\game-server\node_modules\pomelo\lib\components\connector.js] [39m[connector-server-1] send message reqId: 3, route: connector.entryHandler.entry, msg: {"code":200,"msg":"game server is ok."}, receivers: [4], opts: {"type":"response","userOptions":{},"isResponse":true}
[2019-05-22 16:29:12.718] [DEBUG] pomelo - [36m[D:\Work\Coding\XMWorkPomelo\game-server\node_modules\pomelo\lib\components\connector.js] [39m[connector-server-1] getSession session is created with session id: 5
[2019-05-22 16:29:12.723] [DEBUG] pomelo - [36m[D:\Work\Coding\XMWorkPomelo\game-server\node_modules\pomelo\lib\components\connector.js] [39m[connector-server-1] handleMessage session id: 5, msg: {"id":4,"route":"connector.entryHandler.entry","body":"hello pomelo"}
[2019-05-22 16:29:12.723] [DEBUG] pomelo - [36m[D:\Work\Coding\XMWorkPomelo\game-server\node_modules\pomelo\lib\components\connector.js] [39m[connector-server-1] send message reqId: 4, route: connector.entryHandler.entry, msg: {"code":200,"msg":"game server is ok."}, receivers: [5], opts: {"type":"response","userOptions":{},"isResponse":true}
[2019-05-22 16:31:57.673] [INFO] pomelo - [32m[D:\Work\Coding\XMWorkPomelo\game-server\node_modules\pomelo\lib\application.js] [39mapplication inited: "connector-server-1"
[2019-05-22 16:31:57.945] [INFO] pomelo - [32m[D:\Work\Coding\XMWorkPomelo\game-server\node_modules\pomelo\lib\application.js] [39m"connector-server-1" enter after start...
[2019-05-22 16:31:58.024] [INFO] pomelo - [32m[D:\Work\Coding\XMWorkPomelo\game-server\node_modules\pomelo\lib\application.js] [39m"connector-server-1" finish start
[2019-05-22 16:31:58.024] [INFO] pomelo - [32m[D:\Work\Coding\XMWorkPomelo\game-server\node_modules\pomelo\lib\application.js] [39m"connector-server-1" startup in 341 ms
[2019-05-22 16:31:58.074] [DEBUG] pomelo - [36m[D:\Work\Coding\XMWorkPomelo\game-server\node_modules\pomelo\lib\components\connector.js] [39m[connector-server-1] getSession session is created with session id: 1
[2019-05-22 16:31:58.086] [DEBUG] pomelo - [36m[D:\Work\Coding\XMWorkPomelo\game-server\node_modules\pomelo\lib\components\connector.js] [39m[connector-server-1] handleMessage session id: 1, msg: {"id":5,"route":"connector.entryHandler.entry","body":"hello pomelo"}
[2019-05-22 16:31:58.088] [DEBUG] pomelo - [36m[D:\Work\Coding\XMWorkPomelo\game-server\node_modules\pomelo\lib\components\connector.js] [39m[connector-server-1] send message reqId: 5, route: connector.entryHandler.entry, msg: {"code":200,"msg":"game server is ok."}, receivers: [1], opts: {"type":"response","userOptions":{},"isResponse":true}
[2019-05-22 16:32:03.566] [DEBUG] pomelo - [36m[D:\Work\Coding\XMWorkPomelo\game-server\node_modules\pomelo\lib\components\connector.js] [39m[connector-server-1] getSession session is created with session id: 2
[2019-05-22 16:32:03.567] [DEBUG] pomelo - [36m[D:\Work\Coding\XMWorkPomelo\game-server\node_modules\pomelo\lib\components\connector.js] [39m[connector-server-1] getSession session is created with session id: 3
[2019-05-22 16:32:03.574] [DEBUG] pomelo - [36m[D:\Work\Coding\XMWorkPomelo\game-server\node_modules\pomelo\lib\components\connector.js] [39m[connector-server-1] handleMessage session id: 1, msg: {"id":6,"route":"connector.entryHandler.entry","body":"hello pomelo"}
[2019-05-22 16:32:03.574] [DEBUG] pomelo - [36m[D:\Work\Coding\XMWorkPomelo\game-server\node_modules\pomelo\lib\components\connector.js] [39m[connector-server-1] send message reqId: 6, route: connector.entryHandler.entry, msg: {"code":200,"msg":"game server is ok."}, receivers: [1], opts: {"type":"response","userOptions":{},"isResponse":true}
[2019-05-22 16:32:04.564] [DEBUG] pomelo - [36m[D:\Work\Coding\XMWorkPomelo\game-server\node_modules\pomelo\lib\components\connector.js] [39m[connector-server-1] handleMessage session id: 1, msg: {"id":7,"route":"connector.entryHandler.entry","body":"hello pomelo"}
[2019-05-22 16:32:04.565] [DEBUG] pomelo - [36m[D:\Work\Coding\XMWorkPomelo\game-server\node_modules\pomelo\lib\components\connector.js] [39m[connector-server-1] send message reqId: 7, route: connector.entryHandler.entry, msg: {"code":200,"msg":"game server is ok."}, receivers: [1], opts: {"type":"response","userOptions":{},"isResponse":true}
